# JRE version: OpenJDK Runtime Environment Microsoft-7208460 (11.0.18+10) (build 11.0.18+10-LTS)
# Java VM: OpenJDK 64-Bit Server VM Microsoft-7208460 (11.0.18+10-LTS, mixed mode, tiered, compressed oops, g1 gc, windows-amd64)
Heap:
 garbage-first heap   total 624640K, used 187483K [0x0000000080000000, 0x0000000100000000)
  region size 1024K, 1 young (1024K), 1 survivors (1024K)
 Metaspace       used 117156K, capacity 120745K, committed 121992K, reserved 622592K
  class space    used 14921K, capacity 16317K, committed 16768K, reserved 516096K
GC Heap History (20 events):
Event: 256481.389 GC heap after
{Heap after GC invocations=314 (full 0):
 garbage-first heap   total 305152K, used 187386K [0x0000000080000000, 0x0000000100000000)
  region size 1024K, 1 young (1024K), 1 survivors (1024K)
 Metaspace       used 117156K, capacity 120745K, committed 121992K, reserved 622592K
  class space    used 14921K, capacity 16317K, committed 16768K, reserved 516096K
}
Event: 256485.341 GC heap before
{Heap before GC invocations=315 (full 0):
 garbage-first heap   total 305152K, used 272378K [0x0000000080000000, 0x0000000100000000)
  region size 1024K, 84 young (86016K), 1 survivors (1024K)
 Metaspace       used 117156K, capacity 120745K, committed 121992K, reserved 622592K
  class space    used 14921K, capacity 16317K, committed 16768K, reserved 516096K
}
Event: 256485.367 GC heap after
{Heap after GC invocations=316 (full 0):
 garbage-first heap   total 305152K, used 187397K [0x0000000080000000, 0x0000000100000000)
  region size 1024K, 1 young (1024K), 1 survivors (1024K)
 Metaspace       used 117156K, capacity 120745K, committed 121992K, reserved 622592K
  class space    used 14921K, capacity 16317K, committed 16768K, reserved 516096K
}
Event: 256487.874 GC heap before
{Heap before GC invocations=316 (full 0):
 garbage-first heap   total 305152K, used 272389K [0x0000000080000000, 0x0000000100000000)
  region size 1024K, 84 young (86016K), 1 survivors (1024K)
 Metaspace       used 117156K, capacity 120745K, committed 121992K, reserved 622592K
  class space    used 14921K, capacity 16317K, committed 16768K, reserved 516096K
}
Event: 256487.965 GC heap after
{Heap after GC invocations=317 (full 0):
 garbage-first heap   total 305152K, used 187437K [0x0000000080000000, 0x0000000100000000)
  region size 1024K, 1 young (1024K), 1 survivors (1024K)
 Metaspace       used 117156K, capacity 120745K, committed 121992K, reserved 622592K
  class space    used 14921K, capacity 16317K, committed 16768K, reserved 516096K
}
Event: 256490.060 GC heap before
{Heap before GC invocations=318 (full 0):
 garbage-first heap   total 305152K, used 272429K [0x0000000080000000, 0x0000000100000000)
  region size 1024K, 84 young (86016K), 1 survivors (1024K)
 Metaspace       used 117156K, capacity 120745K, committed 121992K, reserved 622592K
  class space    used 14921K, capacity 16317K, committed 16768K, reserved 516096K
}
Event: 256490.077 GC heap after
{Heap after GC invocations=319 (full 0):
 garbage-first heap   total 305152K, used 187351K [0x0000000080000000, 0x0000000100000000)
  region size 1024K, 1 young (1024K), 1 survivors (1024K)
 Metaspace       used 117156K, capacity 120745K, committed 121992K, reserved 622592K
  class space    used 14921K, capacity 16317K, committed 16768K, reserved 516096K
}
Event: 256491.422 GC heap before
{Heap before GC invocations=319 (full 0):
 garbage-first heap   total 305152K, used 272343K [0x0000000080000000, 0x0000000100000000)
  region size 1024K, 84 young (86016K), 1 survivors (1024K)
 Metaspace       used 117156K, capacity 120745K, committed 121992K, reserved 622592K
  class space    used 14921K, capacity 16317K, committed 16768K, reserved 516096K
}
Event: 256491.449 GC heap after
{Heap after GC invocations=320 (full 0):
 garbage-first heap   total 305152K, used 187403K [0x0000000080000000, 0x0000000100000000)
  region size 1024K, 1 young (1024K), 1 survivors (1024K)
 Metaspace       used 117156K, capacity 120745K, committed 121992K, reserved 622592K
  class space    used 14921K, capacity 16317K, committed 16768K, reserved 516096K
}
Event: 256493.190 GC heap before
{Heap before GC invocations=321 (full 0):
 garbage-first heap   total 305152K, used 272395K [0x0000000080000000, 0x0000000100000000)
  region size 1024K, 84 young (86016K), 1 survivors (1024K)
 Metaspace       used 117156K, capacity 120745K, committed 121992K, reserved 622592K
  class space    used 14921K, capacity 16317K, committed 16768K, reserved 516096K
}
Event: 256493.356 GC heap after
{Heap after GC invocations=322 (full 0):
 garbage-first heap   total 305152K, used 187478K [0x0000000080000000, 0x0000000100000000)
  region size 1024K, 1 young (1024K), 1 survivors (1024K)
 Metaspace       used 117156K, capacity 120745K, committed 121992K, reserved 622592K
  class space    used 14921K, capacity 16317K, committed 16768K, reserved 516096K
}
Event: 256494.030 GC heap before
{Heap before GC invocations=322 (full 0):
 garbage-first heap   total 305152K, used 272470K [0x0000000080000000, 0x0000000100000000)
  region size 1024K, 84 young (86016K), 1 survivors (1024K)
 Metaspace       used 117156K, capacity 120745K, committed 121992K, reserved 622592K
  class space    used 14921K, capacity 16317K, committed 16768K, reserved 516096K
}
Event: 256494.148 GC heap after
{Heap after GC invocations=323 (full 0):
 garbage-first heap   total 305152K, used 187426K [0x0000000080000000, 0x0000000100000000)
  region size 1024K, 1 young (1024K), 1 survivors (1024K)
 Metaspace       used 117156K, capacity 120745K, committed 121992K, reserved 622592K
  class space    used 14921K, capacity 16317K, committed 16768K, reserved 516096K
}
Event: 256496.041 GC heap before
{Heap before GC invocations=323 (full 0):
 garbage-first heap   total 305152K, used 272418K [0x0000000080000000, 0x0000000100000000)
  region size 1024K, 84 young (86016K), 1 survivors (1024K)
 Metaspace       used 117156K, capacity 120745K, committed 121992K, reserved 622592K
  class space    used 14921K, capacity 16317K, committed 16768K, reserved 516096K
}
Event: 256497.030 GC heap after
{Heap after GC invocations=324 (full 0):
 garbage-first heap   total 305152K, used 187353K [0x0000000080000000, 0x0000000100000000)
  region size 1024K, 1 young (1024K), 1 survivors (1024K)
 Metaspace       used 117156K, capacity 120745K, committed 121992K, reserved 622592K
  class space    used 14921K, capacity 16317K, committed 16768K, reserved 516096K
}
Event: 256497.385 GC heap before
{Heap before GC invocations=324 (full 0):
 garbage-first heap   total 305152K, used 200665K [0x0000000080000000, 0x0000000100000000)
  region size 1024K, 14 young (14336K), 1 survivors (1024K)
 Metaspace       used 117156K, capacity 120745K, committed 121992K, reserved 622592K
  class space    used 14921K, capacity 16317K, committed 16768K, reserved 516096K
}
Event: 256497.409 GC heap after
{Heap after GC invocations=325 (full 0):
 garbage-first heap   total 305152K, used 187436K [0x0000000080000000, 0x0000000100000000)
  region size 1024K, 1 young (1024K), 1 survivors (1024K)
 Metaspace       used 117156K, capacity 120745K, committed 121992K, reserved 622592K
  class space    used 14921K, capacity 16317K, committed 16768K, reserved 516096K
}
Event: 256498.417 GC heap before
{Heap before GC invocations=326 (full 0):
 garbage-first heap   total 305152K, used 200748K [0x0000000080000000, 0x0000000100000000)
  region size 1024K, 14 young (14336K), 1 survivors (1024K)
 Metaspace       used 117156K, capacity 120745K, committed 121992K, reserved 622592K
  class space    used 14921K, capacity 16317K, committed 16768K, reserved 516096K
}
Event: 256498.581 GC heap after
{Heap after GC invocations=327 (full 0):
 garbage-first heap   total 305152K, used 187375K [0x0000000080000000, 0x0000000100000000)
  region size 1024K, 1 young (1024K), 1 survivors (1024K)
 Metaspace       used 117156K, capacity 120745K, committed 121992K, reserved 622592K
  class space    used 14921K, capacity 16317K, committed 16768K, reserved 516096K
}
Event: 256499.119 GC heap before
{Heap before GC invocations=327 (full 0):
 garbage-first heap   total 305152K, used 200687K [0x0000000080000000, 0x0000000100000000)
  region size 1024K, 14 young (14336K), 1 survivors (1024K)
 Metaspace       used 117156K, capacity 120745K, committed 121992K, reserved 622592K
  class space    used 14921K, capacity 16317K, committed 16768K, reserved 516096K
}

